{"name": "test_order_numder[Firefox]", "status": "broken", "statusDetails": {"message": "selenium.common.exceptions.TimeoutException: Message: \nStacktrace:\nRemoteError@chrome://remote/content/shared/RemoteError.sys.mjs:8:8\nWebDriverError@chrome://remote/content/shared/webdriver/Errors.sys.mjs:193:5\nNoSuchElementError@chrome://remote/content/shared/webdriver/Errors.sys.mjs:511:5\ndom.find/</<@chrome://remote/content/shared/DOM.sys.mjs:136:16", "trace": "self = <tests.test_order_list.TestStellarBurgersOrderList object at 0x10dde0d00>\nlogin = <selenium.webdriver.firefox.webdriver.WebDriver (session=\"d902a5a5-a81e-48dc-b0ca-0c6f082a898d\")>\n\n    @allure.description('После оформления заказа его номер появляется в разделе В работе')\n    def test_order_numder(self, login):\n        recovery_page = LoginPage(login)\n        recovery_page_1 = OrdersPage(login)\n        recovery_page_2 = MainPage(login)\n        recovery_page.login_personal_account()\n        # проверяем, что мы действительно авторизовались\n        name_button = WebDriverWait(login, 3).until(EC.visibility_of_element_located\n                                                    ((OrdersLocators.COME_IN_BUTTON))).text\n        assert name_button == 'Оформить заказ'\n        recovery_page_1.tap_placing_an_order()\n        recovery_page_2.close_ingredient()\n        recovery_page_2.click_list_order()\n        time.sleep(10)\n        numder_my_order = WebDriverWait(login, 3).until(EC.visibility_of_element_located\n                                                           ((ListOrderLocators.ORDER_NUMBER))).text\n>       numder_orders = WebDriverWait(login, 10).until(EC.visibility_of_element_located\n                                                        ((ListOrderLocators.MY_ORDER_NUMBER))).text\n\ntests/test_order_list.py:85: \n_ _ _ _ _ _ _ _ _ _ _ _ _ _ _ _ _ _ _ _ _ _ _ _ _ _ _ _ _ _ _ _ _ _ _ _ _ _ _ _ _ _ _ _ _ _ _ _ _ _ _ _ _ _ _ _ _ _ _ _ _ _ _ _ _ _ _ _ _ _ _ _ _ _ _ _ _ _\n\nself = <selenium.webdriver.support.wait.WebDriverWait (session=\"d902a5a5-a81e-48dc-b0ca-0c6f082a898d\")>\nmethod = <function visibility_of_element_located.<locals>._predicate at 0x10df36c20>, message = ''\n\n    def until(self, method: Callable[[D], Union[Literal[False], T]], message: str = \"\") -> T:\n        \"\"\"Calls the method provided with the driver as an argument until the \\\n        return value does not evaluate to ``False``.\n    \n        :param method: callable(WebDriver)\n        :param message: optional message for :exc:`TimeoutException`\n        :returns: the result of the last call to `method`\n        :raises: :exc:`selenium.common.exceptions.TimeoutException` if timeout occurs\n        \"\"\"\n        screen = None\n        stacktrace = None\n    \n        end_time = time.monotonic() + self._timeout\n        while True:\n            try:\n                value = method(self._driver)\n                if value:\n                    return value\n            except self._ignored_exceptions as exc:\n                screen = getattr(exc, \"screen\", None)\n                stacktrace = getattr(exc, \"stacktrace\", None)\n            time.sleep(self._poll)\n            if time.monotonic() > end_time:\n                break\n>       raise TimeoutException(message, screen, stacktrace)\nE       selenium.common.exceptions.TimeoutException: Message: \nE       Stacktrace:\nE       RemoteError@chrome://remote/content/shared/RemoteError.sys.mjs:8:8\nE       WebDriverError@chrome://remote/content/shared/webdriver/Errors.sys.mjs:193:5\nE       NoSuchElementError@chrome://remote/content/shared/webdriver/Errors.sys.mjs:511:5\nE       dom.find/</<@chrome://remote/content/shared/DOM.sys.mjs:136:16\n\n.venv/lib/python3.10/site-packages/selenium/webdriver/support/wait.py:105: TimeoutException"}, "description": "После оформления заказа его номер появляется в разделе В работе", "steps": [{"name": "Авторизация пользователя", "status": "passed", "start": 1723990265005, "stop": 1723990265151}, {"name": "Тап на кнопку Оформить заказ", "status": "passed", "start": 1723990265673, "stop": 1723990265683}, {"name": "Закрывает всплывающие окно с ингридиентами", "status": "passed", "start": 1723990265684, "stop": 1723990265690}, {"name": "Тап на кнопку \"Лента заказов\"", "status": "passed", "start": 1723990265691, "stop": 1723990265706}], "parameters": [{"name": "driver", "value": "'Firefox'"}], "start": 1723990265004, "stop": 1723990286031, "uuid": "9fba8c37-4e8c-4856-8f18-b9cd275d1c9c", "historyId": "b30f7329571410753716dad3d2d8bce9", "testCaseId": "fc48fcc2f5f02633153bf3c1ba24f20f", "fullName": "tests.test_order_list.TestStellarBurgersOrderList#test_order_numder", "labels": [{"name": "parentSuite", "value": "tests"}, {"name": "suite", "value": "test_order_list"}, {"name": "subSuite", "value": "TestStellarBurgersOrderList"}, {"name": "host", "value": "mbp-anivchenko-OZON-C091QXFV0V"}, {"name": "thread", "value": "94086-MainThread"}, {"name": "framework", "value": "pytest"}, {"name": "language", "value": "cpython3"}, {"name": "package", "value": "tests.test_order_list"}]}