{"name": "test_order_details_today[Chrome]", "status": "failed", "statusDetails": {"message": "AssertionError: assert '583' < '583'", "trace": "self = <tests.test_order_list.TestStellarBurgersOrderList object at 0x10dde0d90>\nlogin = <selenium.webdriver.chrome.webdriver.WebDriver (session=\"6d4f2bd21f369b9b8e193fd535a91c87\")>\n\n    @allure.description('При создании нового заказа счётчик Выполнено за всё время увеличивается')\n    def test_order_details_today(self, login):\n        recovery_page = LoginPage(login)\n        recovery_page_1 = OrdersPage(login)\n        recovery_page_2 = MainPage(login)\n        recovery_page.login_personal_account()\n        # проверяем, что мы действительно авторизовались\n        name_button = WebDriverWait(login, 3).until(EC.visibility_of_element_located\n                                                    ((OrdersLocators.COME_IN_BUTTON))).text\n        assert name_button == 'Оформить заказ'\n        recovery_page_2.click_list_order()\n        all_orders_today = WebDriverWait(login, 3).until(EC.visibility_of_element_located\n                                                   ((ListOrderLocators.ALL_ORDER_TODAY))).text\n        recovery_page_2.click_constructor()\n        recovery_page_1.tap_placing_an_order()\n        recovery_page_2.close_ingredient()\n        recovery_page_2.click_list_order()\n        time.sleep(10)\n        all_orders_today_1 = WebDriverWait(login, 3).until(EC.visibility_of_element_located\n                                                     ((ListOrderLocators.ALL_ORDER_TODAY))).text\n>       assert all_orders_today < all_orders_today_1\nE       AssertionError: assert '583' < '583'\n\ntests/test_order_list.py:67: AssertionError"}, "description": "При создании нового заказа счётчик Выполнено за всё время увеличивается", "steps": [{"name": "Авторизация пользователя", "status": "passed", "start": 1723990187842, "stop": 1723990189916}, {"name": "Тап на кнопку \"Лента заказов\"", "status": "passed", "start": 1723990191373, "stop": 1723990191653}, {"name": "Тап на на кнопку \"Конструктор\"", "status": "passed", "start": 1723990194042, "stop": 1723990194305}, {"name": "Тап на кнопку Оформить заказ", "status": "passed", "start": 1723990194305, "stop": 1723990196293}, {"name": "Закрывает всплывающие окно с ингридиентами", "status": "passed", "start": 1723990196293, "stop": 1723990196503}, {"name": "Тап на кнопку \"Лента заказов\"", "status": "passed", "start": 1723990196503, "stop": 1723990197181}], "parameters": [{"name": "driver", "value": "'Chrome'"}], "start": 1723990187842, "stop": 1723990207440, "uuid": "15601a7e-d19d-4b52-aab9-ea88a0fba486", "historyId": "2b89016828c8d5ebd7abf13aafd5ec25", "testCaseId": "28695a1edae8e0a9f5aaad5ca636751a", "fullName": "tests.test_order_list.TestStellarBurgersOrderList#test_order_details_today", "labels": [{"name": "parentSuite", "value": "tests"}, {"name": "suite", "value": "test_order_list"}, {"name": "subSuite", "value": "TestStellarBurgersOrderList"}, {"name": "host", "value": "mbp-anivchenko-OZON-C091QXFV0V"}, {"name": "thread", "value": "94086-MainThread"}, {"name": "framework", "value": "pytest"}, {"name": "language", "value": "cpython3"}, {"name": "package", "value": "tests.test_order_list"}]}